This file contains any messages produced by compilers while
running configure, to aid debugging if configure makes a mistake.

It was created by libwpd configure 0.10.4, which was
generated by GNU Autoconf 2.71.  Invocation command line was

  $ ./configure

## --------- ##
## Platform. ##
## --------- ##

hostname = pkrvmubgrv54qmi
uname -m = x86_64
uname -r = 6.11.0-1018-azure
uname -s = Linux
uname -v = #18~24.04.1-Ubuntu SMP Sat Jun 28 04:46:03 UTC 2025

/usr/bin/uname -p = x86_64
/bin/uname -X     = unknown

/bin/arch              = x86_64
/usr/bin/arch -k       = unknown
/usr/convex/getsysinfo = unknown
/usr/bin/hostinfo      = unknown
/bin/machine           = unknown
/usr/bin/oslevel       = unknown
/bin/universe          = unknown

PATH: /snap/bin/
PATH: /home/runner/.local/bin/
PATH: /opt/pipx_bin/
PATH: /home/runner/.cargo/bin/
PATH: /home/runner/.config/composer/vendor/bin/
PATH: /usr/local/.ghcup/bin/
PATH: /home/runner/.dotnet/tools/
PATH: /usr/local/sbin/
PATH: /usr/local/bin/
PATH: /usr/sbin/
PATH: /usr/bin/
PATH: /sbin/
PATH: /bin/
PATH: /usr/games/
PATH: /usr/local/games/
PATH: /snap/bin/


## ----------- ##
## Core tests. ##
## ----------- ##

configure:2861: looking for aux files: config.guess config.sub ltmain.sh compile ar-lib missing install-sh
configure:2874:  trying ./
configure:2903:   ./config.guess found
configure:2903:   ./config.sub found
configure:2903:   ./ltmain.sh found
configure:2903:   ./compile found
configure:2903:   ./ar-lib found
configure:2903:   ./missing found
configure:2885:   ./install-sh found
configure:3035: checking for a BSD-compatible install
configure:3108: result: /usr/bin/install -c
configure:3119: checking whether build environment is sane
configure:3174: result: yes
configure:3333: checking for a race-free mkdir -p
configure:3377: result: /usr/bin/mkdir -p
configure:3384: checking for gawk
configure:3405: found /usr/bin/gawk
configure:3416: result: gawk
configure:3427: checking whether make sets $(MAKE)
configure:3450: result: yes
configure:3480: checking whether make supports nested variables
configure:3498: result: yes
configure:3646: checking whether make supports nested variables
configure:3664: result: yes
configure:3698: checking whether make supports the include directive
configure:3713: make -f confmf.GNU && cat confinc.out
this is the am__doit target
configure:3716: $? = 0
configure:3735: result: yes (GNU style)
configure:3811: checking for gcc
configure:3832: found /usr/bin/gcc
configure:3843: result: gcc
configure:4196: checking for C compiler version
configure:4205: gcc --version >&5
gcc (Ubuntu 13.3.0-6ubuntu2~24.04) 13.3.0
Copyright (C) 2023 Free Software Foundation, Inc.
This is free software; see the source for copying conditions.  There is NO
warranty; not even for MERCHANTABILITY or FITNESS FOR A PARTICULAR PURPOSE.

configure:4216: $? = 0
configure:4205: gcc -v >&5
Using built-in specs.
COLLECT_GCC=gcc
COLLECT_LTO_WRAPPER=/usr/libexec/gcc/x86_64-linux-gnu/13/lto-wrapper
OFFLOAD_TARGET_NAMES=nvptx-none:amdgcn-amdhsa
OFFLOAD_TARGET_DEFAULT=1
Target: x86_64-linux-gnu
Configured with: ../src/configure -v --with-pkgversion='Ubuntu 13.3.0-6ubuntu2~24.04' --with-bugurl=file:///usr/share/doc/gcc-13/README.Bugs --enable-languages=c,ada,c++,go,d,fortran,objc,obj-c++,m2 --prefix=/usr --with-gcc-major-version-only --program-suffix=-13 --program-prefix=x86_64-linux-gnu- --enable-shared --enable-linker-build-id --libexecdir=/usr/libexec --without-included-gettext --enable-threads=posix --libdir=/usr/lib --enable-nls --enable-bootstrap --enable-clocale=gnu --enable-libstdcxx-debug --enable-libstdcxx-time=yes --with-default-libstdcxx-abi=new --enable-libstdcxx-backtrace --enable-gnu-unique-object --disable-vtable-verify --enable-plugin --enable-default-pie --with-system-zlib --enable-libphobos-checking=release --with-target-system-zlib=auto --enable-objc-gc=auto --enable-multiarch --disable-werror --enable-cet --with-arch-32=i686 --with-abi=m64 --with-multilib-list=m32,m64,mx32 --enable-multilib --with-tune=generic --enable-offload-targets=nvptx-none=/build/gcc-13-fG75Ri/gcc-13-13.3.0/debian/tmp-nvptx/usr,amdgcn-amdhsa=/build/gcc-13-fG75Ri/gcc-13-13.3.0/debian/tmp-gcn/usr --enable-offload-defaulted --without-cuda-driver --enable-checking=release --build=x86_64-linux-gnu --host=x86_64-linux-gnu --target=x86_64-linux-gnu --with-build-config=bootstrap-lto-lean --enable-link-serialization=2
Thread model: posix
Supported LTO compression algorithms: zlib zstd
gcc version 13.3.0 (Ubuntu 13.3.0-6ubuntu2~24.04) 
... rest of stderr output deleted ...
configure:4216: $? = 0
configure:4205: gcc -V >&5
gcc: error: unrecognized command-line option '-V'
gcc: fatal error: no input files
compilation terminated.
configure:4216: $? = 1
configure:4205: gcc -qversion >&5
gcc: error: unrecognized command-line option '-qversion'; did you mean '--version'?
gcc: fatal error: no input files
compilation terminated.
configure:4216: $? = 1
configure:4205: gcc -version >&5
gcc: error: unrecognized command-line option '-version'
gcc: fatal error: no input files
compilation terminated.
configure:4216: $? = 1
configure:4236: checking whether the C compiler works
configure:4258: gcc    conftest.c  >&5
configure:4262: $? = 0
configure:4312: result: yes
configure:4315: checking for C compiler default output file name
configure:4317: result: a.out
configure:4323: checking for suffix of executables
configure:4330: gcc -o conftest    conftest.c  >&5
configure:4334: $? = 0
configure:4357: result: 
configure:4379: checking whether we are cross compiling
configure:4387: gcc -o conftest    conftest.c  >&5
configure:4391: $? = 0
configure:4398: ./conftest
configure:4402: $? = 0
configure:4417: result: no
configure:4422: checking for suffix of object files
configure:4445: gcc -c   conftest.c >&5
configure:4449: $? = 0
configure:4471: result: o
configure:4475: checking whether the compiler supports GNU C
configure:4495: gcc -c   conftest.c >&5
configure:4495: $? = 0
configure:4505: result: yes
configure:4516: checking whether gcc accepts -g
configure:4537: gcc -c -g  conftest.c >&5
configure:4537: $? = 0
configure:4581: result: yes
configure:4601: checking for gcc option to enable C11 features
configure:4616: gcc  -c -g -O2  conftest.c >&5
configure:4616: $? = 0
configure:4634: result: none needed
configure:4750: checking whether gcc understands -c and -o together
configure:4773: gcc -c conftest.c -o conftest2.o
configure:4776: $? = 0
configure:4773: gcc -c conftest.c -o conftest2.o
configure:4776: $? = 0
configure:4788: result: yes
configure:4807: checking dependency style of gcc
configure:4919: result: gcc3
configure:4990: checking for ar
configure:5011: found /usr/bin/ar
configure:5022: result: ar
configure:5048: checking the archiver (ar) interface
configure:5065: gcc -c -g -O2  conftest.c >&5
configure:5065: $? = 0
configure:5068: ar cru libconftest.a conftest.o >&5
ar: `u' modifier ignored since `D' is the default (see `U')
configure:5071: $? = 0
configure:5099: result: ar
configure:5172: checking for gcc
configure:5204: result: gcc
configure:5557: checking for C compiler version
configure:5566: gcc --version >&5
gcc (Ubuntu 13.3.0-6ubuntu2~24.04) 13.3.0
Copyright (C) 2023 Free Software Foundation, Inc.
This is free software; see the source for copying conditions.  There is NO
warranty; not even for MERCHANTABILITY or FITNESS FOR A PARTICULAR PURPOSE.

configure:5577: $? = 0
configure:5566: gcc -v >&5
Using built-in specs.
COLLECT_GCC=gcc
COLLECT_LTO_WRAPPER=/usr/libexec/gcc/x86_64-linux-gnu/13/lto-wrapper
OFFLOAD_TARGET_NAMES=nvptx-none:amdgcn-amdhsa
OFFLOAD_TARGET_DEFAULT=1
Target: x86_64-linux-gnu
Configured with: ../src/configure -v --with-pkgversion='Ubuntu 13.3.0-6ubuntu2~24.04' --with-bugurl=file:///usr/share/doc/gcc-13/README.Bugs --enable-languages=c,ada,c++,go,d,fortran,objc,obj-c++,m2 --prefix=/usr --with-gcc-major-version-only --program-suffix=-13 --program-prefix=x86_64-linux-gnu- --enable-shared --enable-linker-build-id --libexecdir=/usr/libexec --without-included-gettext --enable-threads=posix --libdir=/usr/lib --enable-nls --enable-bootstrap --enable-clocale=gnu --enable-libstdcxx-debug --enable-libstdcxx-time=yes --with-default-libstdcxx-abi=new --enable-libstdcxx-backtrace --enable-gnu-unique-object --disable-vtable-verify --enable-plugin --enable-default-pie --with-system-zlib --enable-libphobos-checking=release --with-target-system-zlib=auto --enable-objc-gc=auto --enable-multiarch --disable-werror --enable-cet --with-arch-32=i686 --with-abi=m64 --with-multilib-list=m32,m64,mx32 --enable-multilib --with-tune=generic --enable-offload-targets=nvptx-none=/build/gcc-13-fG75Ri/gcc-13-13.3.0/debian/tmp-nvptx/usr,amdgcn-amdhsa=/build/gcc-13-fG75Ri/gcc-13-13.3.0/debian/tmp-gcn/usr --enable-offload-defaulted --without-cuda-driver --enable-checking=release --build=x86_64-linux-gnu --host=x86_64-linux-gnu --target=x86_64-linux-gnu --with-build-config=bootstrap-lto-lean --enable-link-serialization=2
Thread model: posix
Supported LTO compression algorithms: zlib zstd
gcc version 13.3.0 (Ubuntu 13.3.0-6ubuntu2~24.04) 
... rest of stderr output deleted ...
configure:5577: $? = 0
configure:5566: gcc -V >&5
gcc: error: unrecognized command-line option '-V'
gcc: fatal error: no input files
compilation terminated.
configure:5577: $? = 1
configure:5566: gcc -qversion >&5
gcc: error: unrecognized command-line option '-qversion'; did you mean '--version'?
gcc: fatal error: no input files
compilation terminated.
configure:5577: $? = 1
configure:5566: gcc -version >&5
gcc: error: unrecognized command-line option '-version'
gcc: fatal error: no input files
compilation terminated.
configure:5577: $? = 1
configure:5581: checking whether the compiler supports GNU C
configure:5611: result: yes
configure:5622: checking whether gcc accepts -g
configure:5687: result: yes
configure:5707: checking for gcc option to enable C11 features
configure:5740: result: none needed
configure:5856: checking whether gcc understands -c and -o together
configure:5894: result: yes
configure:5913: checking dependency style of gcc
configure:6025: result: gcc3
configure:6045: checking how to run the C preprocessor
configure:6071: gcc -E  conftest.c
configure:6071: $? = 0
configure:6086: gcc -E  conftest.c
conftest.c:11:10: fatal error: ac_nonexistent.h: No such file or directory
   11 | #include <ac_nonexistent.h>
      |          ^~~~~~~~~~~~~~~~~~
compilation terminated.
configure:6086: $? = 1
configure: failed program was:
| /* confdefs.h */
| #define PACKAGE_NAME "libwpd"
| #define PACKAGE_TARNAME "libwpd"
| #define PACKAGE_VERSION "0.10.4"
| #define PACKAGE_STRING "libwpd 0.10.4"
| #define PACKAGE_BUGREPORT ""
| #define PACKAGE_URL ""
| #define PACKAGE "libwpd"
| #define VERSION "0.10.4"
| /* end confdefs.h.  */
| #include <ac_nonexistent.h>
configure:6113: result: gcc -E
configure:6127: gcc -E  conftest.c
configure:6127: $? = 0
configure:6142: gcc -E  conftest.c
conftest.c:11:10: fatal error: ac_nonexistent.h: No such file or directory
   11 | #include <ac_nonexistent.h>
      |          ^~~~~~~~~~~~~~~~~~
compilation terminated.
configure:6142: $? = 1
configure: failed program was:
| /* confdefs.h */
| #define PACKAGE_NAME "libwpd"
| #define PACKAGE_TARNAME "libwpd"
| #define PACKAGE_VERSION "0.10.4"
| #define PACKAGE_STRING "libwpd 0.10.4"
| #define PACKAGE_BUGREPORT ""
| #define PACKAGE_URL ""
| #define PACKAGE "libwpd"
| #define VERSION "0.10.4"
| /* end confdefs.h.  */
| #include <ac_nonexistent.h>
configure:6241: checking for g++
configure:6262: found /usr/bin/g++
configure:6273: result: g++
configure:6300: checking for C++ compiler version
configure:6309: g++ --version >&5
g++ (Ubuntu 13.3.0-6ubuntu2~24.04) 13.3.0
Copyright (C) 2023 Free Software Foundation, Inc.
This is free software; see the source for copying conditions.  There is NO
warranty; not even for MERCHANTABILITY or FITNESS FOR A PARTICULAR PURPOSE.

configure:6320: $? = 0
configure:6309: g++ -v >&5
Using built-in specs.
COLLECT_GCC=g++
COLLECT_LTO_WRAPPER=/usr/libexec/gcc/x86_64-linux-gnu/13/lto-wrapper
OFFLOAD_TARGET_NAMES=nvptx-none:amdgcn-amdhsa
OFFLOAD_TARGET_DEFAULT=1
Target: x86_64-linux-gnu
Configured with: ../src/configure -v --with-pkgversion='Ubuntu 13.3.0-6ubuntu2~24.04' --with-bugurl=file:///usr/share/doc/gcc-13/README.Bugs --enable-languages=c,ada,c++,go,d,fortran,objc,obj-c++,m2 --prefix=/usr --with-gcc-major-version-only --program-suffix=-13 --program-prefix=x86_64-linux-gnu- --enable-shared --enable-linker-build-id --libexecdir=/usr/libexec --without-included-gettext --enable-threads=posix --libdir=/usr/lib --enable-nls --enable-bootstrap --enable-clocale=gnu --enable-libstdcxx-debug --enable-libstdcxx-time=yes --with-default-libstdcxx-abi=new --enable-libstdcxx-backtrace --enable-gnu-unique-object --disable-vtable-verify --enable-plugin --enable-default-pie --with-system-zlib --enable-libphobos-checking=release --with-target-system-zlib=auto --enable-objc-gc=auto --enable-multiarch --disable-werror --enable-cet --with-arch-32=i686 --with-abi=m64 --with-multilib-list=m32,m64,mx32 --enable-multilib --with-tune=generic --enable-offload-targets=nvptx-none=/build/gcc-13-fG75Ri/gcc-13-13.3.0/debian/tmp-nvptx/usr,amdgcn-amdhsa=/build/gcc-13-fG75Ri/gcc-13-13.3.0/debian/tmp-gcn/usr --enable-offload-defaulted --without-cuda-driver --enable-checking=release --build=x86_64-linux-gnu --host=x86_64-linux-gnu --target=x86_64-linux-gnu --with-build-config=bootstrap-lto-lean --enable-link-serialization=2
Thread model: posix
Supported LTO compression algorithms: zlib zstd
gcc version 13.3.0 (Ubuntu 13.3.0-6ubuntu2~24.04) 
... rest of stderr output deleted ...
configure:6320: $? = 0
configure:6309: g++ -V >&5
g++: error: unrecognized command-line option '-V'
g++: fatal error: no input files
compilation terminated.
configure:6320: $? = 1
configure:6309: g++ -qversion >&5
g++: error: unrecognized command-line option '-qversion'; did you mean '--version'?
g++: fatal error: no input files
compilation terminated.
configure:6320: $? = 1
configure:6324: checking whether the compiler supports GNU C++
configure:6344: g++ -c   conftest.cpp >&5
configure:6344: $? = 0
configure:6354: result: yes
configure:6365: checking whether g++ accepts -g
configure:6386: g++ -c -g  conftest.cpp >&5
configure:6386: $? = 0
configure:6430: result: yes
configure:6450: checking for g++ option to enable C++11 features
configure:6465: g++  -c -g -O2  conftest.cpp >&5
conftest.cpp: In function 'int main(int, char**)':
conftest.cpp:177:25: warning: empty parentheses were disambiguated as a function declaration [-Wvexing-parse]
  177 |   cxx11test::delegate d2();
      |                         ^~
conftest.cpp:177:25: note: remove parentheses to default-initialize a variable
  177 |   cxx11test::delegate d2();
      |                         ^~
      |                         --
conftest.cpp:177:25: note: or replace parentheses with braces to value-initialize a variable
configure:6465: $? = 0
configure:6483: result: none needed
configure:6549: checking dependency style of g++
configure:6661: result: gcc3
configure:6677: checking whether ln -s works
configure:6681: result: yes
configure:6688: checking whether make sets $(MAKE)
configure:6711: result: yes
configure:6752: checking build system type
configure:6767: result: x86_64-pc-linux-gnu
configure:6787: checking host system type
configure:6801: result: x86_64-pc-linux-gnu
configure:6842: checking how to print strings
configure:6869: result: printf
configure:6890: checking for a sed that does not truncate output
configure:6960: result: /usr/bin/sed
configure:6978: checking for grep that handles long lines and -e
configure:7042: result: /usr/bin/grep
configure:7047: checking for egrep
configure:7115: result: /usr/bin/grep -E
configure:7120: checking for fgrep
configure:7188: result: /usr/bin/grep -F
configure:7224: checking for ld used by gcc
configure:7292: result: /usr/bin/ld
configure:7299: checking if the linker (/usr/bin/ld) is GNU ld
configure:7315: result: yes
configure:7327: checking for BSD- or MS-compatible name lister (nm)
configure:7382: result: /usr/bin/nm -B
configure:7522: checking the name lister (/usr/bin/nm -B) interface
configure:7530: g++ -c -g -O2  conftest.cpp >&5
configure:7533: /usr/bin/nm -B "conftest.o"
configure:7536: output
0000000000000000 B some_variable
configure:7543: result: BSD nm
configure:7547: checking the maximum length of command line arguments
configure:7679: result: 3145728
configure:7727: checking how to convert x86_64-pc-linux-gnu file names to x86_64-pc-linux-gnu format
configure:7768: result: func_convert_file_noop
configure:7775: checking how to convert x86_64-pc-linux-gnu file names to toolchain format
configure:7796: result: func_convert_file_noop
configure:7803: checking for /usr/bin/ld option to reload object files
configure:7811: result: -r
configure:7890: checking for file
configure:7911: found /usr/bin/file
configure:7922: result: file
configure:7998: checking for objdump
configure:8019: found /usr/bin/objdump
configure:8030: result: objdump
configure:8059: checking how to recognize dependent libraries
configure:8260: result: pass_all
configure:8350: checking for dlltool
configure:8385: result: no
configure:8412: checking how to associate runtime and link libraries
configure:8440: result: printf %s\n
configure:8591: checking for archiver @FILE support
configure:8609: g++ -c -g -O2  conftest.cpp >&5
configure:8609: $? = 0
configure:8613: ar cr libconftest.a @conftest.lst >&5
configure:8616: $? = 0
configure:8621: ar cr libconftest.a @conftest.lst >&5
ar: conftest.o: No such file or directory
configure:8624: $? = 1
configure:8636: result: @
configure:8699: checking for strip
configure:8720: found /usr/bin/strip
configure:8731: result: strip
configure:8808: checking for ranlib
configure:8829: found /usr/bin/ranlib
configure:8840: result: ranlib
configure:8942: checking command to parse /usr/bin/nm -B output from gcc object
configure:9096: g++ -c -g -O2  conftest.cpp >&5
configure:9099: $? = 0
configure:9103: /usr/bin/nm -B conftest.o | /usr/bin/sed -n -e 's/^.*[	 ]\([ABCDGIRSTW][ABCDGIRSTW]*\)[	 ][	 ]*\([_A-Za-z][_A-Za-z0-9]*\)$/\1 \2 \2/p' | /usr/bin/sed '/ __gnu_lto/d' > conftest.nm
configure:9169: g++ -o conftest -g -O2   conftest.cpp conftstm.o >&5
configure:9172: $? = 0
configure:9210: result: ok
configure:9257: checking for sysroot
configure:9288: result: no
configure:9295: checking for a working dd
configure:9339: result: /usr/bin/dd
configure:9343: checking how to truncate binary pipes
configure:9359: result: /usr/bin/dd bs=4096 count=1
configure:9496: g++ -c -g -O2  conftest.cpp >&5
configure:9499: $? = 0
configure:9696: checking for mt
configure:9717: found /usr/bin/mt
configure:9728: result: mt
configure:9751: checking if mt is a manifest tool
configure:9758: mt '-?'
configure:9766: result: no
configure:10491: checking for stdio.h
configure:10491: g++ -c -g -O2  conftest.cpp >&5
configure:10491: $? = 0
configure:10491: result: yes
configure:10491: checking for stdlib.h
configure:10491: g++ -c -g -O2  conftest.cpp >&5
configure:10491: $? = 0
configure:10491: result: yes
configure:10491: checking for string.h
configure:10491: g++ -c -g -O2  conftest.cpp >&5
configure:10491: $? = 0
configure:10491: result: yes
configure:10491: checking for inttypes.h
configure:10491: g++ -c -g -O2  conftest.cpp >&5
configure:10491: $? = 0
configure:10491: result: yes
configure:10491: checking for stdint.h
configure:10491: g++ -c -g -O2  conftest.cpp >&5
configure:10491: $? = 0
configure:10491: result: yes
configure:10491: checking for strings.h
configure:10491: g++ -c -g -O2  conftest.cpp >&5
configure:10491: $? = 0
configure:10491: result: yes
configure:10491: checking for sys/stat.h
configure:10491: g++ -c -g -O2  conftest.cpp >&5
configure:10491: $? = 0
configure:10491: result: yes
configure:10491: checking for sys/types.h
configure:10491: g++ -c -g -O2  conftest.cpp >&5
configure:10491: $? = 0
configure:10491: result: yes
configure:10491: checking for unistd.h
configure:10491: g++ -c -g -O2  conftest.cpp >&5
configure:10491: $? = 0
configure:10491: result: yes
configure:10516: checking for dlfcn.h
configure:10516: g++ -c -g -O2  conftest.cpp >&5
configure:10516: $? = 0
configure:10516: result: yes
configure:11111: checking for objdir
configure:11127: result: .libs
configure:11391: checking if gcc supports -fno-rtti -fno-exceptions
configure:11410: gcc -c -g -O2  -fno-rtti -fno-exceptions conftest.c >&5
cc1: warning: command-line option '-fno-rtti' is valid for C++/D/ObjC++ but not for C
configure:11414: $? = 0
configure:11427: result: no
configure:11791: checking for gcc option to produce PIC
configure:11799: result: -fPIC -DPIC
configure:11807: checking if gcc PIC flag -fPIC -DPIC works
configure:11826: gcc -c -g -O2  -fPIC -DPIC -DPIC conftest.c >&5
configure:11830: $? = 0
configure:11843: result: yes
configure:11872: checking if gcc static flag -static works
configure:11901: result: yes
configure:11916: checking if gcc supports -c -o file.o
configure:11938: gcc -c -g -O2  -o out/conftest2.o conftest.c >&5
configure:11942: $? = 0
configure:11964: result: yes
configure:11972: checking if gcc supports -c -o file.o
configure:12020: result: yes
configure:12053: checking whether the gcc linker (/usr/bin/ld -m elf_x86_64) supports shared libraries
configure:13327: result: yes
configure:13364: checking whether -lc should be explicitly linked in
configure:13373: gcc -c -g -O2  conftest.c >&5
configure:13376: $? = 0
configure:13391: gcc -shared  -fPIC -DPIC conftest.o  -v -Wl,-soname -Wl,conftest -o conftest 2\>\&1 \| /usr/bin/grep  -lc  \>/dev/null 2\>\&1
configure:13394: $? = 0
configure:13408: result: no
configure:13568: checking dynamic linker characteristics
configure:14150: gcc -o conftest -g -O2   -Wl,-rpath -Wl,/foo conftest.c  >&5
configure:14150: $? = 0
configure:14401: result: GNU/Linux ld.so
configure:14523: checking how to hardcode library paths into programs
configure:14548: result: immediate
configure:15100: checking whether stripping libraries is possible
configure:15109: result: yes
configure:15151: checking if libtool supports shared libraries
configure:15153: result: yes
configure:15156: checking whether to build shared libraries
configure:15181: result: yes
configure:15184: checking whether to build static libraries
configure:15188: result: no
configure:15211: checking how to run the C++ preprocessor
configure:15233: g++ -E  conftest.cpp
configure:15233: $? = 0
configure:15248: g++ -E  conftest.cpp
conftest.cpp:23:10: fatal error: ac_nonexistent.h: No such file or directory
   23 | #include <ac_nonexistent.h>
      |          ^~~~~~~~~~~~~~~~~~
compilation terminated.
configure:15248: $? = 1
configure: failed program was:
| /* confdefs.h */
| #define PACKAGE_NAME "libwpd"
| #define PACKAGE_TARNAME "libwpd"
| #define PACKAGE_VERSION "0.10.4"
| #define PACKAGE_STRING "libwpd 0.10.4"
| #define PACKAGE_BUGREPORT ""
| #define PACKAGE_URL ""
| #define PACKAGE "libwpd"
| #define VERSION "0.10.4"
| #define HAVE_STDIO_H 1
| #define HAVE_STDLIB_H 1
| #define HAVE_STRING_H 1
| #define HAVE_INTTYPES_H 1
| #define HAVE_STDINT_H 1
| #define HAVE_STRINGS_H 1
| #define HAVE_SYS_STAT_H 1
| #define HAVE_SYS_TYPES_H 1
| #define HAVE_UNISTD_H 1
| #define STDC_HEADERS 1
| #define HAVE_DLFCN_H 1
| #define LT_OBJDIR ".libs/"
| /* end confdefs.h.  */
| #include <ac_nonexistent.h>
configure:15275: result: g++ -E
configure:15289: g++ -E  conftest.cpp
configure:15289: $? = 0
configure:15304: g++ -E  conftest.cpp
conftest.cpp:23:10: fatal error: ac_nonexistent.h: No such file or directory
   23 | #include <ac_nonexistent.h>
      |          ^~~~~~~~~~~~~~~~~~
compilation terminated.
configure:15304: $? = 1
configure: failed program was:
| /* confdefs.h */
| #define PACKAGE_NAME "libwpd"
| #define PACKAGE_TARNAME "libwpd"
| #define PACKAGE_VERSION "0.10.4"
| #define PACKAGE_STRING "libwpd 0.10.4"
| #define PACKAGE_BUGREPORT ""
| #define PACKAGE_URL ""
| #define PACKAGE "libwpd"
| #define VERSION "0.10.4"
| #define HAVE_STDIO_H 1
| #define HAVE_STDLIB_H 1
| #define HAVE_STRING_H 1
| #define HAVE_INTTYPES_H 1
| #define HAVE_STDINT_H 1
| #define HAVE_STRINGS_H 1
| #define HAVE_SYS_STAT_H 1
| #define HAVE_SYS_TYPES_H 1
| #define HAVE_UNISTD_H 1
| #define STDC_HEADERS 1
| #define HAVE_DLFCN_H 1
| #define LT_OBJDIR ".libs/"
| /* end confdefs.h.  */
| #include <ac_nonexistent.h>
configure:15469: checking for ld used by g++
configure:15537: result: /usr/bin/ld -m elf_x86_64
configure:15544: checking if the linker (/usr/bin/ld -m elf_x86_64) is GNU ld
configure:15560: result: yes
configure:15615: checking whether the g++ linker (/usr/bin/ld -m elf_x86_64) supports shared libraries
configure:16693: result: yes
configure:16729: g++ -c -g -O2  conftest.cpp >&5
configure:16732: $? = 0
configure:17213: checking for g++ option to produce PIC
configure:17221: result: -fPIC -DPIC
configure:17229: checking if g++ PIC flag -fPIC -DPIC works
configure:17248: g++ -c -g -O2  -fPIC -DPIC -DPIC conftest.cpp >&5
configure:17252: $? = 0
configure:17265: result: yes
configure:17288: checking if g++ static flag -static works
configure:17317: result: yes
configure:17329: checking if g++ supports -c -o file.o
configure:17351: g++ -c -g -O2  -o out/conftest2.o conftest.cpp >&5
configure:17355: $? = 0
configure:17377: result: yes
configure:17382: checking if g++ supports -c -o file.o
configure:17430: result: yes
configure:17460: checking whether the g++ linker (/usr/bin/ld -m elf_x86_64) supports shared libraries
configure:17503: result: yes
configure:17645: checking dynamic linker characteristics
configure:18405: result: GNU/Linux ld.so
configure:18470: checking how to hardcode library paths into programs
configure:18495: result: immediate
configure:18586: checking whether g++ supports C++11 features by default
configure:18881: g++ -c -g -O2  conftest.cpp >&5
configure:18881: $? = 0
configure:18889: result: yes
configure:19573: checking for __attribute__((format))
configure:19595: g++ -o conftest -g -O2   conftest.cpp  >&5
configure:19595: $? = 0
configure:19610: result: yes
configure:19626: checking for native Win32
configure:19647: result: no
configure:19662: checking for Win32 platform in general
configure:19671: result: no
configure:19687: checking for -fvisibility=hidden compiler flag
configure:19702: g++ -c -g -O2 -fvisibility=hidden  conftest.cpp >&5
configure:19702: $? = 0
configure:19709: result: yes
configure:19715: checking for __attribute__((visibility))
configure:19740: g++ -o conftest -g -O2   conftest.cpp  >&5
configure:19740: $? = 0
configure:19755: result: yes
configure:19783: checking for Darwin (Mac OS X) platform
configure:19792: result: no
configure:20070: checking for doxygen
configure:20108: result: no
configure:20116: WARNING: *** Could not find doxygen in your PATH.
configure:20118: WARNING: *** The documentation will not be built.
configure:20201: checking for pkg-config
configure:20224: found /usr/bin/pkg-config
configure:20236: result: /usr/bin/pkg-config
configure:20261: checking pkg-config is at least version 0.9.0
configure:20264: result: yes
configure:20274: checking for librevenge-0.0 >= 0.0.1
configure:20281: $PKG_CONFIG --exists --print-errors "librevenge-0.0 >= 0.0.1"
configure:20284: $? = 0
configure:20298: $PKG_CONFIG --exists --print-errors "librevenge-0.0 >= 0.0.1"
configure:20301: $? = 0
configure:20359: result: yes
configure:20373: checking for boost/spirit/include/qi.hpp
configure:20373: g++ -c -g -O2 -Wall -Wextra -pedantic -Wshadow -Wunused-variable -Weffc++   conftest.cpp >&5
configure:20373: $? = 0
configure:20373: result: yes
configure:20435: checking for librevenge-generators-0.0
configure:20442: $PKG_CONFIG --exists --print-errors "librevenge-generators-0.0"
configure:20445: $? = 0
configure:20459: $PKG_CONFIG --exists --print-errors "librevenge-generators-0.0"
configure:20462: $? = 0
configure:20520: result: yes
configure:20526: checking for librevenge-stream-0.0
configure:20533: $PKG_CONFIG --exists --print-errors "librevenge-stream-0.0"
configure:20536: $? = 0
configure:20550: $PKG_CONFIG --exists --print-errors "librevenge-stream-0.0"
configure:20553: $? = 0
configure:20611: result: yes
configure:20728: checking that generated files are newer than configure
configure:20734: result: done
configure:20793: creating ./config.status

## ---------------------- ##
## Running config.status. ##
## ---------------------- ##

This file was extended by libwpd config.status 0.10.4, which was
generated by GNU Autoconf 2.71.  Invocation command line was

  CONFIG_FILES    = 
  CONFIG_HEADERS  = 
  CONFIG_LINKS    = 
  CONFIG_COMMANDS = 
  $ ./config.status 

on pkrvmubgrv54qmi

config.status:1209: creating Makefile
config.status:1209: creating src/Makefile
config.status:1209: creating src/conv/Makefile
config.status:1209: creating src/conv/html/Makefile
config.status:1209: creating src/conv/html/wpd2html.rc
config.status:1209: creating src/conv/raw/Makefile
config.status:1209: creating src/conv/raw/wpd2raw.rc
config.status:1209: creating src/conv/text/Makefile
config.status:1209: creating src/conv/text/wpd2text.rc
config.status:1209: creating src/fuzz/Makefile
config.status:1209: creating src/lib/Makefile
config.status:1209: creating src/lib/libwpd.rc
config.status:1209: creating inc/Makefile
config.status:1209: creating inc/libwpd/Makefile
config.status:1209: creating docs/Makefile
config.status:1209: creating docs/doxygen/Makefile
config.status:1209: creating build/Makefile
config.status:1209: creating build/win32/Makefile
config.status:1209: creating libwpd-0.10.pc
config.status:1209: creating config.h
config.status:1438: executing depfiles commands
config.status:1515: cd src/conv/html       && sed -e '/# am--include-marker/d' Makefile         | make -f - am--depfiles
config.status:1520: $? = 0
config.status:1515: cd src/conv/raw       && sed -e '/# am--include-marker/d' Makefile         | make -f - am--depfiles
config.status:1520: $? = 0
config.status:1515: cd src/conv/text       && sed -e '/# am--include-marker/d' Makefile         | make -f - am--depfiles
config.status:1520: $? = 0
config.status:1515: cd src/fuzz       && sed -e '/# am--include-marker/d' Makefile         | make -f - am--depfiles
config.status:1520: $? = 0
config.status:1515: cd src/lib       && sed -e '/# am--include-marker/d' Makefile         | make -f - am--depfiles
config.status:1520: $? = 0
config.status:1438: executing libtool commands
configure:23234:
==============================================================================
Build configuration:
	debug:           no
	docs:            no
	fuzzers:         no
	tools:           yes
	werror:          no
==============================================================================


## ---------------- ##
## Cache variables. ##
## ---------------- ##

ac_cv_build=x86_64-pc-linux-gnu
ac_cv_c_compiler_gnu=yes
ac_cv_cxx_compiler_gnu=yes
ac_cv_env_CCC_set=
ac_cv_env_CCC_value=
ac_cv_env_CC_set=
ac_cv_env_CC_value=
ac_cv_env_CFLAGS_set=
ac_cv_env_CFLAGS_value=
ac_cv_env_CPPFLAGS_set=
ac_cv_env_CPPFLAGS_value=
ac_cv_env_CPP_set=
ac_cv_env_CPP_value=
ac_cv_env_CXXCPP_set=
ac_cv_env_CXXCPP_value=
ac_cv_env_CXXFLAGS_set=
ac_cv_env_CXXFLAGS_value=
ac_cv_env_CXX_set=
ac_cv_env_CXX_value=
ac_cv_env_LDFLAGS_set=
ac_cv_env_LDFLAGS_value=
ac_cv_env_LIBS_set=
ac_cv_env_LIBS_value=
ac_cv_env_LT_SYS_LIBRARY_PATH_set=
ac_cv_env_LT_SYS_LIBRARY_PATH_value=
ac_cv_env_PKG_CONFIG_LIBDIR_set=
ac_cv_env_PKG_CONFIG_LIBDIR_value=
ac_cv_env_PKG_CONFIG_PATH_set=
ac_cv_env_PKG_CONFIG_PATH_value=
ac_cv_env_PKG_CONFIG_set=
ac_cv_env_PKG_CONFIG_value=
ac_cv_env_REVENGE_CFLAGS_set=
ac_cv_env_REVENGE_CFLAGS_value=
ac_cv_env_REVENGE_GENERATORS_CFLAGS_set=
ac_cv_env_REVENGE_GENERATORS_CFLAGS_value=
ac_cv_env_REVENGE_GENERATORS_LIBS_set=
ac_cv_env_REVENGE_GENERATORS_LIBS_value=
ac_cv_env_REVENGE_LIBS_set=
ac_cv_env_REVENGE_LIBS_value=
ac_cv_env_REVENGE_STREAM_CFLAGS_set=
ac_cv_env_REVENGE_STREAM_CFLAGS_value=
ac_cv_env_REVENGE_STREAM_LIBS_set=
ac_cv_env_REVENGE_STREAM_LIBS_value=
ac_cv_env_build_alias_set=
ac_cv_env_build_alias_value=
ac_cv_env_host_alias_set=
ac_cv_env_host_alias_value=
ac_cv_env_target_alias_set=
ac_cv_env_target_alias_value=
ac_cv_header_boost_spirit_include_qi_hpp=yes
ac_cv_header_dlfcn_h=yes
ac_cv_header_inttypes_h=yes
ac_cv_header_stdint_h=yes
ac_cv_header_stdio_h=yes
ac_cv_header_stdlib_h=yes
ac_cv_header_string_h=yes
ac_cv_header_strings_h=yes
ac_cv_header_sys_stat_h=yes
ac_cv_header_sys_types_h=yes
ac_cv_header_unistd_h=yes
ac_cv_host=x86_64-pc-linux-gnu
ac_cv_objext=o
ac_cv_path_EGREP='/usr/bin/grep -E'
ac_cv_path_FGREP='/usr/bin/grep -F'
ac_cv_path_GREP=/usr/bin/grep
ac_cv_path_SED=/usr/bin/sed
ac_cv_path_ac_pt_PKG_CONFIG=/usr/bin/pkg-config
ac_cv_path_install='/usr/bin/install -c'
ac_cv_path_lt_DD=/usr/bin/dd
ac_cv_path_mkdir=/usr/bin/mkdir
ac_cv_prog_AWK=gawk
ac_cv_prog_CPP='gcc -E'
ac_cv_prog_CXXCPP='g++ -E'
ac_cv_prog_ac_ct_AR=ar
ac_cv_prog_ac_ct_CC=gcc
ac_cv_prog_ac_ct_CXX=g++
ac_cv_prog_ac_ct_FILECMD=file
ac_cv_prog_ac_ct_MANIFEST_TOOL=mt
ac_cv_prog_ac_ct_OBJDUMP=objdump
ac_cv_prog_ac_ct_RANLIB=ranlib
ac_cv_prog_ac_ct_STRIP=strip
ac_cv_prog_cc_c11=
ac_cv_prog_cc_g=yes
ac_cv_prog_cc_stdc=
ac_cv_prog_cxx_cxx11=
ac_cv_prog_cxx_g=yes
ac_cv_prog_cxx_stdcxx=
ac_cv_prog_make_make_set=yes
am_cv_CC_dependencies_compiler_type=gcc3
am_cv_CXX_dependencies_compiler_type=gcc3
am_cv_ar_interface=ar
am_cv_make_support_nested_variables=yes
am_cv_prog_cc_c_o=yes
ax_cv_cxx_compile_cxx11=yes
ax_cv_have_func_attribute_format=yes
ax_cv_have_func_attribute_visibility=yes
lt_cv_ar_at_file=@
lt_cv_archive_cmds_need_lc=no
lt_cv_deplibs_check_method=pass_all
lt_cv_file_magic_cmd='$MAGIC_CMD'
lt_cv_file_magic_test_file=
lt_cv_ld_reload_flag=-r
lt_cv_nm_interface='BSD nm'
lt_cv_objdir=.libs
lt_cv_path_LD=/usr/bin/ld
lt_cv_path_LDCXX='/usr/bin/ld -m elf_x86_64'
lt_cv_path_NM='/usr/bin/nm -B'
lt_cv_path_mainfest_tool=no
lt_cv_prog_compiler_c_o=yes
lt_cv_prog_compiler_c_o_CXX=yes
lt_cv_prog_compiler_pic='-fPIC -DPIC'
lt_cv_prog_compiler_pic_CXX='-fPIC -DPIC'
lt_cv_prog_compiler_pic_works=yes
lt_cv_prog_compiler_pic_works_CXX=yes
lt_cv_prog_compiler_rtti_exceptions=no
lt_cv_prog_compiler_static_works=yes
lt_cv_prog_compiler_static_works_CXX=yes
lt_cv_prog_gnu_ld=yes
lt_cv_prog_gnu_ldcxx=yes
lt_cv_sharedlib_from_linklib_cmd='printf %s\n'
lt_cv_shlibpath_overrides_runpath=yes
lt_cv_sys_global_symbol_pipe='/usr/bin/sed -n -e '\''s/^.*[	 ]\([ABCDGIRSTW][ABCDGIRSTW]*\)[	 ][	 ]*\([_A-Za-z][_A-Za-z0-9]*\)$/\1 \2 \2/p'\'' | /usr/bin/sed '\''/ __gnu_lto/d'\'''
lt_cv_sys_global_symbol_to_c_name_address='/usr/bin/sed -n -e '\''s/^: \(.*\) .*$/  {"\1", (void *) 0},/p'\'' -e '\''s/^[ABCDGIRSTW][ABCDGIRSTW]* .* \(.*\)$/  {"\1", (void *) \&\1},/p'\'''
lt_cv_sys_global_symbol_to_c_name_address_lib_prefix='/usr/bin/sed -n -e '\''s/^: \(.*\) .*$/  {"\1", (void *) 0},/p'\'' -e '\''s/^[ABCDGIRSTW][ABCDGIRSTW]* .* \(lib.*\)$/  {"\1", (void *) \&\1},/p'\'' -e '\''s/^[ABCDGIRSTW][ABCDGIRSTW]* .* \(.*\)$/  {"lib\1", (void *) \&\1},/p'\'''
lt_cv_sys_global_symbol_to_cdecl='/usr/bin/sed -n -e '\''s/^T .* \(.*\)$/extern int \1();/p'\'' -e '\''s/^[ABCDGIRSTW][ABCDGIRSTW]* .* \(.*\)$/extern char \1;/p'\'''
lt_cv_sys_global_symbol_to_import=
lt_cv_sys_max_cmd_len=3145728
lt_cv_to_host_file_cmd=func_convert_file_noop
lt_cv_to_tool_file_cmd=func_convert_file_noop
lt_cv_truncate_bin='/usr/bin/dd bs=4096 count=1'
pkg_cv_REVENGE_CFLAGS='-I/usr/include/librevenge-0.0 '
pkg_cv_REVENGE_GENERATORS_CFLAGS='-I/usr/include/librevenge-0.0 '
pkg_cv_REVENGE_GENERATORS_LIBS='-lrevenge-generators-0.0 -lrevenge-0.0 '
pkg_cv_REVENGE_LIBS='-lrevenge-0.0 '
pkg_cv_REVENGE_STREAM_CFLAGS='-I/usr/include/librevenge-0.0 '
pkg_cv_REVENGE_STREAM_LIBS='-lrevenge-stream-0.0 '

## ----------------- ##
## Output variables. ##
## ----------------- ##

ACLOCAL='${SHELL} '\''/home/runner/work/libwpd/libwpd/missing'\'' aclocal-1.16'
AMDEPBACKSLASH='\'
AMDEP_FALSE='#'
AMDEP_TRUE=''
AMTAR='$${TAR-tar}'
AM_BACKSLASH='\'
AM_DEFAULT_V='$(AM_DEFAULT_VERBOSITY)'
AM_DEFAULT_VERBOSITY='0'
AM_V='$(V)'
AR='ar'
AS='as'
AUTOCONF='${SHELL} '\''/home/runner/work/libwpd/libwpd/missing'\'' autoconf'
AUTOHEADER='${SHELL} '\''/home/runner/work/libwpd/libwpd/missing'\'' autoheader'
AUTOMAKE='${SHELL} '\''/home/runner/work/libwpd/libwpd/missing'\'' automake-1.16'
AWK='gawk'
BOOST_CFLAGS=''
BUILD_FUZZERS_FALSE=''
BUILD_FUZZERS_TRUE='#'
BUILD_TOOLS_FALSE='#'
BUILD_TOOLS_TRUE=''
CC='gcc'
CCDEPMODE='depmode=gcc3'
CFLAGS='-g -O2 -Wall -Wextra -pedantic'
CPP='gcc -E'
CPPFLAGS=''
CSCOPE='cscope'
CTAGS='ctags'
CXX='g++'
CXXCPP='g++ -E'
CXXDEPMODE='depmode=gcc3'
CXXFLAGS='-g -O2 -Wall -Wextra -pedantic -Wshadow -Wunused-variable -Weffc++'
CYGPATH_W='echo'
DEBUG_CXXFLAGS='-DNDEBUG'
DEFS='-DHAVE_CONFIG_H'
DEPDIR='.deps'
DLLTOOL='false'
DOXYGEN=''
DSYMUTIL=''
DUMPBIN=''
ECHO_C=''
ECHO_N='-n'
ECHO_T=''
EGREP='/usr/bin/grep -E'
ETAGS='etags'
EXEEXT=''
FGREP='/usr/bin/grep -F'
FILECMD='file'
GREP='/usr/bin/grep'
HAVE_CXX11='1'
HAVE_VISIBILITY_FALSE='#'
HAVE_VISIBILITY_TRUE=''
INSTALL_DATA='${INSTALL} -m 644'
INSTALL_PROGRAM='${INSTALL}'
INSTALL_SCRIPT='${INSTALL}'
INSTALL_STRIP_PROGRAM='$(install_sh) -c -s'
LD='/usr/bin/ld -m elf_x86_64'
LDFLAGS=''
LIBOBJS=''
LIBS=''
LIBTOOL='$(SHELL) $(top_builddir)/libtool'
LIBWPD_WIN32_RESOURCE=''
LIPO=''
LN_S='ln -s'
LTLIBOBJS=''
LT_AGE='0'
LT_CURRENT='10'
LT_REVISION='4'
LT_SYS_LIBRARY_PATH=''
MAKEINFO='${SHELL} '\''/home/runner/work/libwpd/libwpd/missing'\'' makeinfo'
MANIFEST_TOOL=':'
MKDIR_P='/usr/bin/mkdir -p'
NM='/usr/bin/nm -B'
NMEDIT=''
OBJDUMP='objdump'
OBJEXT='o'
OS_WIN32_FALSE=''
OS_WIN32_TRUE='#'
OTOOL64=''
OTOOL=''
PACKAGE='libwpd'
PACKAGE_BUGREPORT=''
PACKAGE_NAME='libwpd'
PACKAGE_STRING='libwpd 0.10.4'
PACKAGE_TARNAME='libwpd'
PACKAGE_URL=''
PACKAGE_VERSION='0.10.4'
PATH_SEPARATOR=':'
PKG_CONFIG='/usr/bin/pkg-config'
PKG_CONFIG_LIBDIR=''
PKG_CONFIG_PATH=''
PLATFORM_DARWIN_FALSE=''
PLATFORM_DARWIN_TRUE='#'
PLATFORM_WIN32_FALSE=''
PLATFORM_WIN32_TRUE='#'
RANLIB='ranlib'
REVENGE_CFLAGS='-I/usr/include/librevenge-0.0 '
REVENGE_GENERATORS_CFLAGS='-I/usr/include/librevenge-0.0 '
REVENGE_GENERATORS_LIBS='-lrevenge-generators-0.0 -lrevenge-0.0 '
REVENGE_LIBS='-lrevenge-0.0 '
REVENGE_STREAM_CFLAGS='-I/usr/include/librevenge-0.0 '
REVENGE_STREAM_LIBS='-lrevenge-stream-0.0 '
SED='/usr/bin/sed'
SET_MAKE=''
SHELL='/bin/bash'
STRIP='strip'
VERSION='0.10.4'
WINDRES=''
WITH_LIBWPD_DOCS_FALSE=''
WITH_LIBWPD_DOCS_TRUE='#'
WPD2HTML_WIN32_RESOURCE=''
WPD2RAW_WIN32_RESOURCE=''
WPD2TEXT_WIN32_RESOURCE=''
WPD_MAJOR_VERSION='0'
WPD_MICRO_VERSION='4'
WPD_MINOR_VERSION='10'
WPD_VERSION='0.10.4'
ac_ct_AR='ar'
ac_ct_CC='gcc'
ac_ct_CXX='g++'
ac_ct_DUMPBIN=''
am__EXEEXT_FALSE=''
am__EXEEXT_TRUE='#'
am__fastdepCC_FALSE='#'
am__fastdepCC_TRUE=''
am__fastdepCXX_FALSE='#'
am__fastdepCXX_TRUE=''
am__include='include'
am__isrc=''
am__leading_dot='.'
am__nodep='_no'
am__quote=''
am__tar='$${TAR-tar} chof - "$$tardir"'
am__untar='$${TAR-tar} xf -'
bindir='${exec_prefix}/bin'
build='x86_64-pc-linux-gnu'
build_alias=''
build_cpu='x86_64'
build_os='linux-gnu'
build_vendor='pc'
datadir='${datarootdir}'
datarootdir='${prefix}/share'
docdir='${datarootdir}/doc/${PACKAGE_TARNAME}'
dvidir='${docdir}'
exec_prefix='${prefix}'
host='x86_64-pc-linux-gnu'
host_alias=''
host_cpu='x86_64'
host_os='linux-gnu'
host_vendor='pc'
htmldir='${docdir}'
includedir='${prefix}/include'
infodir='${datarootdir}/info'
install_sh='${SHELL} /home/runner/work/libwpd/libwpd/install-sh'
libdir='${exec_prefix}/lib'
libexecdir='${exec_prefix}/libexec'
localedir='${datarootdir}/locale'
localstatedir='${prefix}/var'
mandir='${datarootdir}/man'
mkdir_p='$(MKDIR_P)'
oldincludedir='/usr/include'
pdfdir='${docdir}'
prefix='/usr/local'
program_transform_name='s,x,x,'
psdir='${docdir}'
runstatedir='${localstatedir}/run'
sbindir='${exec_prefix}/sbin'
sharedstatedir='${prefix}/com'
sysconfdir='${prefix}/etc'
target_alias=''

## ----------- ##
## confdefs.h. ##
## ----------- ##

/* confdefs.h */
#define PACKAGE_NAME "libwpd"
#define PACKAGE_TARNAME "libwpd"
#define PACKAGE_VERSION "0.10.4"
#define PACKAGE_STRING "libwpd 0.10.4"
#define PACKAGE_BUGREPORT ""
#define PACKAGE_URL ""
#define PACKAGE "libwpd"
#define VERSION "0.10.4"
#define HAVE_STDIO_H 1
#define HAVE_STDLIB_H 1
#define HAVE_STRING_H 1
#define HAVE_INTTYPES_H 1
#define HAVE_STDINT_H 1
#define HAVE_STRINGS_H 1
#define HAVE_SYS_STAT_H 1
#define HAVE_SYS_TYPES_H 1
#define HAVE_UNISTD_H 1
#define STDC_HEADERS 1
#define HAVE_DLFCN_H 1
#define LT_OBJDIR ".libs/"
#define HAVE_CXX11 1
#define HAVE_FUNC_ATTRIBUTE_FORMAT 1
#define HAVE_FUNC_ATTRIBUTE_VISIBILITY 1
#define HAVE_BOOST_SPIRIT_INCLUDE_QI_HPP 1

configure: exit 0
